<?xml version="1.0" encoding="UTF-8"?>
<!-- Generated by org.testng.reporters.JUnitReportReporter -->
<testsuite hostname="21RM8K3-Desk" failures="0" tests="2" name="Day43.AnnotationsDemo1" time="0.014" errors="0" timestamp="2025-09-19T12:11:24 IST" skipped="0">
  <testcase classname="Day43.AnnotationsDemo1" name="search" time="0.007"/>
  <testcase classname="Day43.AnnotationsDemo1" name="advancesearch" time="0.007"/>
</testsuite> <!-- Day43.AnnotationsDemo1 -->
