<?xml version="1.0" encoding="UTF-8"?>
<!-- Generated by org.testng.reporters.JUnitReportReporter -->
<testsuite hostname="21RM8K3-Desk" failures="0" tests="4" name="Day42.LoginPage" time="12.099" errors="0" timestamp="2025-09-18T18:11:15 IST" skipped="0">
  <testcase classname="Day42.LoginPage" name="openapp" time="8.885"/>
  <testcase classname="Day42.LoginPage" name="testlogo" time="3.028"/>
  <testcase classname="Day42.LoginPage" name="testlogin" time="0.111"/>
  <testcase classname="Day42.LoginPage" name="testLogout" time="0.075"/>
</testsuite> <!-- Day42.LoginPage -->
