<?xml version="1.0" encoding="UTF-8"?>
<!-- Generated by org.testng.reporters.JUnitReportReporter -->
<testsuite hostname="21RM8K3-Desk" failures="0" tests="2" name="Day43.AnnotationDemo2" time="0.007" errors="0" timestamp="2025-09-19T12:22:31 IST" skipped="0">
  <testcase classname="Day43.AnnotationDemo2" name="search" time="0.005"/>
  <testcase classname="Day43.AnnotationDemo2" name="advanceseach" time="0.002"/>
</testsuite> <!-- Day43.AnnotationDemo2 -->
