<?xml version="1.0" encoding="UTF-8"?>
<!-- Generated by org.testng.reporters.JUnitReportReporter -->
<testsuite hostname="21RM8K3-Desk" failures="0" tests="3" name="Day42.FirstTestCase" time="0.003" errors="0" timestamp="2025-09-18T18:23:36 IST" skipped="0">
  <testcase classname="Day42.FirstTestCase" name="openapp" time="0.001"/>
  <testcase classname="Day42.FirstTestCase" name="login" time="0.001"/>
  <testcase classname="Day42.FirstTestCase" name="logout" time="0.001"/>
</testsuite> <!-- Day42.FirstTestCase -->
