<?xml version="1.0" encoding="UTF-8"?>
<!-- Generated by org.testng.reporters.JUnitReportReporter -->
<testsuite hostname="21RM8K3-Desk" failures="0" tests="4" name="Day42.OrangeHRMLoginPage" time="7.249" errors="0" timestamp="2025-09-18T18:23:36 IST" skipped="0">
  <testcase classname="Day42.OrangeHRMLoginPage" name="openapp" time="4.029"/>
  <testcase classname="Day42.OrangeHRMLoginPage" name="testlogo" time="3.040"/>
  <testcase classname="Day42.OrangeHRMLoginPage" name="testlogin" time="0.105"/>
  <testcase classname="Day42.OrangeHRMLoginPage" name="testLogout" time="0.075"/>
</testsuite> <!-- Day42.OrangeHRMLoginPage -->
