<?xml version="1.0" encoding="UTF-8"?>
<!-- Generated by org.testng.reporters.JUnitReportReporter -->
<testsuite hostname="21RM8K3-Desk" failures="0" tests="2" name="Day43.pack.C3" time="0.002" errors="0" timestamp="2025-09-19T15:03:12 IST" skipped="0">
  <testcase classname="Day43.pack.C3" name="pqr" time="0.001"/>
  <testcase classname="Day43.pack.C3" name="pqr" time="0.001"/>
</testsuite> <!-- Day43.pack.C3 -->
