<?xml version="1.0" encoding="UTF-8"?>
<!-- Generated by org.testng.reporters.JUnitReportReporter -->
<testsuite hostname="21RM8K3-Desk" failures="0" tests="2" name="Day43.AllAnnotations" time="0.006" errors="0" timestamp="2025-09-19T15:07:10 IST" skipped="0">
  <testcase classname="Day43.AllAnnotations" name="search" time="0.005"/>
  <testcase classname="Day43.AllAnnotations" name="advancesearch" time="0.001"/>
</testsuite> <!-- Day43.AllAnnotations -->
